
> react-typescript-starter@0.1.0 test
> react-scripts test --coverage

Browserslist: caniuse-lite is outdated. Please run:
  npx browserslist@latest --update-db
  Why you should do it regularly: https://github.com/browserslist/browserslist#browsers-data-updating
PASS src/App.test.tsx
  ✓ renders the course name somewhere (57 ms)

------------------------|---------|----------|---------|---------|-------------------
File                    | % Stmts | % Branch | % Funcs | % Lines | Uncovered Line #s 
------------------------|---------|----------|---------|---------|-------------------
All files               |   54.54 |       50 |      50 |   54.54 |                   
 src                    |     100 |      100 |     100 |     100 |                   
  App.tsx               |     100 |      100 |     100 |     100 |                   
 src/Components         |   44.44 |       50 |   42.85 |   44.44 |                   
  IngredientObject.tsx  |       0 |        0 |       0 |       0 |                   
  SuperUserButton.tsx   |   66.66 |       50 |      50 |   66.66 | 13                
  UserDropdown.tsx      |      50 |      100 |      50 |      50 | 14                
  UserObject.tsx        |       0 |        0 |       0 |       0 |                   
  UserSelect.tsx        |       0 |      100 |       0 |       0 | 5-9               
  UserTypeIndicator.tsx |     100 |       50 |     100 |     100 | 13-35             
------------------------|---------|----------|---------|---------|-------------------
Test Suites: 1 passed, 1 total
Tests:       1 passed, 1 total
Snapshots:   0 total
Time:        2.084 s
Ran all test suites.
